INFO:sim:172 - Generating IP...
Applying current project options...
Finished applying current project options.
ERROR:sim - Unable to find ./t.coe
ERROR:sim -    Coregen is looking for /home/dan/UMDRISC_P1/ROM/t.coe
ERROR:sim - Unable to find ./te.coe
ERROR:sim -    Coregen is looking for /home/dan/UMDRISC_P1/ROM/te.coe
ERROR:sim - Unable to find ./tes.coe
ERROR:sim -    Coregen is looking for /home/dan/UMDRISC_P1/ROM/tes.coe
WARNING:sim - A core named 'ROM' already exists in the project. Output products
   for this core may be overwritten.
Resolving generics for 'ROM'...
WARNING:sim - A core named 'ROM' already exists in the project. Output products
   for this core may be overwritten.
Applying external generics to 'ROM'...
Delivering associated files for 'ROM'...
Delivering EJava files for 'ROM'...
Generating implementation netlist for 'ROM'...
INFO:sim - Pre-processing HDL files for 'ROM'...
Running synthesis for 'ROM'
Running ngcbuild...
